2023-05-06 10:05:11,287 INFO  [restartedMain] com.tpe.SpringJwtApplication:Starting SpringJwtApplication using Java 20 on halil with PID 14504 (D:\Projects\TechPro\BackEnd\spring_jwt\target\classes started by halil in D:\Projects\TechPro\BackEnd\spring_jwt)
2023-05-06 10:05:11,297 INFO  [restartedMain] com.tpe.SpringJwtApplication:No active profile set, falling back to 1 default profile: "default"
2023-05-06 10:05:11,396 INFO  [restartedMain] org.springframework.boot.devtools.env.DevToolsPropertyDefaultsPostProcessor:Devtools property defaults active! Set 'spring.devtools.add-properties' to 'false' to disable
2023-05-06 10:05:11,397 INFO  [restartedMain] org.springframework.boot.devtools.env.DevToolsPropertyDefaultsPostProcessor:For additional web related logging consider setting the 'logging.level.web' property to 'DEBUG'
2023-05-06 10:05:12,292 INFO  [restartedMain] org.springframework.data.repository.config.RepositoryConfigurationDelegate:Bootstrapping Spring Data JPA repositories in DEFAULT mode.
2023-05-06 10:05:12,349 INFO  [restartedMain] org.springframework.data.repository.config.RepositoryConfigurationDelegate:Finished Spring Data repository scanning in 51 ms. Found 2 JPA repository interfaces.
2023-05-06 10:05:13,001 INFO  [restartedMain] org.springframework.boot.web.embedded.tomcat.TomcatWebServer:Tomcat initialized with port(s): 8080 (http)
2023-05-06 10:05:13,015 INFO  [restartedMain] org.apache.catalina.core.StandardService:Starting service [Tomcat]
2023-05-06 10:05:13,016 INFO  [restartedMain] org.apache.catalina.core.StandardEngine:Starting Servlet engine: [Apache Tomcat/9.0.58]
2023-05-06 10:05:13,094 INFO  [restartedMain] org.apache.catalina.core.ContainerBase.[Tomcat].[localhost].[/]:Initializing Spring embedded WebApplicationContext
2023-05-06 10:05:13,094 INFO  [restartedMain] org.springframework.boot.web.servlet.context.ServletWebServerApplicationContext:Root WebApplicationContext: initialization completed in 1695 ms
2023-05-06 10:05:13,360 INFO  [restartedMain] org.hibernate.jpa.internal.util.LogHelper:HHH000204: Processing PersistenceUnitInfo [name: default]
2023-05-06 10:05:13,415 INFO  [restartedMain] org.hibernate.Version:HHH000412: Hibernate ORM core version 5.6.5.Final
2023-05-06 10:05:13,562 INFO  [restartedMain] org.hibernate.annotations.common.Version:HCANN000001: Hibernate Commons Annotations {5.1.2.Final}
2023-05-06 10:05:13,664 INFO  [restartedMain] com.zaxxer.hikari.HikariDataSource:HikariPool-1 - Starting...
2023-05-06 10:05:13,916 INFO  [restartedMain] com.zaxxer.hikari.HikariDataSource:HikariPool-1 - Start completed.
2023-05-06 10:05:13,936 INFO  [restartedMain] org.hibernate.dialect.Dialect:HHH000400: Using dialect: org.hibernate.dialect.PostgreSQLDialect
2023-05-06 10:05:14,721 INFO  [restartedMain] org.hibernate.engine.transaction.jta.platform.internal.JtaPlatformInitiator:HHH000490: Using JtaPlatform implementation: [org.hibernate.engine.transaction.jta.platform.internal.NoJtaPlatform]
2023-05-06 10:05:14,726 INFO  [restartedMain] org.springframework.orm.jpa.LocalContainerEntityManagerFactoryBean:Initialized JPA EntityManagerFactory for persistence unit 'default'
2023-05-06 10:05:15,046 WARN  [restartedMain] org.springframework.boot.autoconfigure.orm.jpa.JpaBaseConfiguration$JpaWebConfiguration:spring.jpa.open-in-view is enabled by default. Therefore, database queries may be performed during view rendering. Explicitly configure spring.jpa.open-in-view to disable this warning
2023-05-06 10:05:15,285 INFO  [restartedMain] org.springframework.security.web.DefaultSecurityFilterChain:Will not secure any request
2023-05-06 10:05:15,637 INFO  [restartedMain] org.springframework.boot.devtools.autoconfigure.OptionalLiveReloadServer:LiveReload server is running on port 35729
2023-05-06 10:05:15,679 INFO  [restartedMain] org.springframework.boot.web.embedded.tomcat.TomcatWebServer:Tomcat started on port(s): 8080 (http) with context path ''
2023-05-06 10:05:15,695 INFO  [restartedMain] com.tpe.SpringJwtApplication:Started SpringJwtApplication in 4.971 seconds (JVM running for 5.546)
2023-05-06 10:10:17,156 INFO  [http-nio-8080-exec-1] org.apache.catalina.core.ContainerBase.[Tomcat].[localhost].[/]:Initializing Spring DispatcherServlet 'dispatcherServlet'
2023-05-06 10:10:17,180 WARN  [http-nio-8080-exec-1] org.springframework.web.servlet.mvc.support.DefaultHandlerExceptionResolver:Resolved [org.springframework.web.HttpRequestMethodNotSupportedException: Request method 'GET' not supported]
2023-05-06 10:10:33,789 WARN  [http-nio-8080-exec-6] org.springframework.web.servlet.mvc.support.DefaultHandlerExceptionResolver:Resolved [org.springframework.web.bind.MethodArgumentNotValidException: Validation failed for argument [0] in public org.springframework.http.ResponseEntity<java.lang.String> com.tpe.controller.UserJwtController.registerUser(com.tpe.controller.dto.RegisterRequest) with 2 errors: [Field error in object 'registerRequest' on field 'userName': rejected value [null]; codes [NotBlank.registerRequest.userName,NotBlank.userName,NotBlank.java.lang.String,NotBlank]; arguments [org.springframework.context.support.DefaultMessageSourceResolvable: codes [registerRequest.userName,userName]; arguments []; default message [userName]]; default message [must not be blank]] [Field error in object 'registerRequest' on field 'userName': rejected value [null]; codes [NotNull.registerRequest.userName,NotNull.userName,NotNull.java.lang.String,NotNull]; arguments [org.springframework.context.support.DefaultMessageSourceResolvable: codes [registerRequest.userName,userName]; arguments []; default message [userName]]; default message [must not be null]] ]
2023-05-06 10:18:14,104 WARN  [http-nio-8080-exec-5] org.springframework.web.servlet.mvc.support.DefaultHandlerExceptionResolver:Resolved [org.springframework.web.bind.MethodArgumentNotValidException: Validation failed for argument [0] in public org.springframework.http.ResponseEntity<java.lang.String> com.tpe.controller.UserJwtController.login(com.tpe.controller.dto.LoginRequest) with 2 errors: [Field error in object 'loginRequest' on field 'username': rejected value [null]; codes [NotBlank.loginRequest.username,NotBlank.username,NotBlank.java.lang.String,NotBlank]; arguments [org.springframework.context.support.DefaultMessageSourceResolvable: codes [loginRequest.username,username]; arguments []; default message [username]]; default message [must not be blank]] [Field error in object 'loginRequest' on field 'username': rejected value [null]; codes [NotNull.loginRequest.username,NotNull.username,NotNull.java.lang.String,NotNull]; arguments [org.springframework.context.support.DefaultMessageSourceResolvable: codes [loginRequest.username,username]; arguments []; default message [username]]; default message [must not be null]] ]
2023-05-06 10:26:05,659 INFO  [SpringApplicationShutdownHook] org.springframework.orm.jpa.LocalContainerEntityManagerFactoryBean:Closing JPA EntityManagerFactory for persistence unit 'default'
2023-05-06 10:26:05,661 INFO  [SpringApplicationShutdownHook] com.zaxxer.hikari.HikariDataSource:HikariPool-1 - Shutdown initiated...
2023-05-06 10:26:05,667 INFO  [SpringApplicationShutdownHook] com.zaxxer.hikari.HikariDataSource:HikariPool-1 - Shutdown completed.
